<?xml version="1.0" encoding="UTF-8"?>
<!-- Generated by org.testng.reporters.JUnitReportReporter -->
<testsuite hostname="DESKTOP-ATOTO40" failures="0" tests="1" name="sample.Lanch" time="27.035" errors="0" timestamp="2022-08-19T10:38:17 IST" skipped="0">
  <testcase classname="sample.Lanch" name="m" time="27.035"/>
  <system-out/>
</testsuite> <!-- sample.Lanch -->
