<?xml version="1.0" encoding="UTF-8"?>
<!-- Generated by org.testng.reporters.JUnitReportReporter -->
<testsuite hostname="DESKTOP-ATOTO40" failures="0" tests="1" name="sample.Testscriptamazon_Test" time="13.545" errors="0" timestamp="2022-08-18T15:36:40 IST" skipped="0">
  <testcase classname="sample.Testscriptamazon_Test" name="launchingAmazon" time="13.545"/>
  <system-out/>
</testsuite> <!-- sample.Testscriptamazon_Test -->
